{"numFailedTestSuites":0,"numFailedTests":0,"numPassedTestSuites":1,"numPassedTests":1,"numPendingTestSuites":0,"numPendingTests":0,"numRuntimeErrorTestSuites":0,"numTodoTests":0,"numTotalTestSuites":1,"numTotalTests":1,"openHandles":[],"snapshot":{"added":0,"didUpdate":false,"failure":false,"filesAdded":0,"filesRemoved":0,"filesRemovedList":[],"filesUnmatched":0,"filesUpdated":0,"matched":0,"total":0,"unchecked":0,"uncheckedKeysByFile":[],"unmatched":0,"updated":0},"startTime":1587882844812,"success":true,"testResults":[{"assertionResults":[{"ancestorTitles":[],"failureMessages":[],"fullName":"renders the heading","location":null,"status":"passed","title":"renders the heading"}],"endTime":1587882853300,"message":"","name":"C:\\Users\\Nahedabanu\\REACT\\testing-tsapp\\src\\components\\__tests__\\Hello.spec.tsx","startTime":1587882848670,"status":"passed","summary":""}],"wasInterrupted":false}