{"numFailedTestSuites":2,"numFailedTests":2,"numPassedTestSuites":2,"numPassedTests":6,"numPendingTestSuites":0,"numPendingTests":0,"numRuntimeErrorTestSuites":0,"numTodoTests":0,"numTotalTestSuites":4,"numTotalTests":8,"openHandles":[],"snapshot":{"added":0,"didUpdate":false,"failure":false,"filesAdded":0,"filesRemoved":0,"filesRemovedList":[],"filesUnmatched":0,"filesUpdated":0,"matched":1,"total":1,"unchecked":0,"uncheckedKeysByFile":[],"unmatched":0,"updated":0},"startTime":1588158733805,"success":false,"testResults":[{"assertionResults":[{"ancestorTitles":["Button Rendering"],"failureMessages":[],"fullName":"Button Rendering  Button should render","location":null,"status":"passed","title":" Button should render"},{"ancestorTitles":[" Test Button with search icon "],"failureMessages":[],"fullName":" Test Button with search icon   Button for search component","location":null,"status":"passed","title":" Button for search component"},{"ancestorTitles":[],"failureMessages":["Error: \u001b[2mexpect(\u001b[22m\u001b[31mjest.fn()\u001b[39m\u001b[2m).\u001b[22mtoHaveBeenCalled\u001b[2m()\u001b[22m\n\nExpected number of calls: >= \u001b[32m1\u001b[39m\nReceived number of calls:    \u001b[31m0\u001b[39m\n    at Object.<anonymous> (C:\\Users\\Nahedabanu\\REACT\\testing-tsapp\\src\\components\\__tests__\\Button.spec.tsx:51:26)\n    at Object.asyncJestTest (C:\\Users\\Nahedabanu\\REACT\\testing-tsapp\\node_modules\\jest\\node_modules\\jest-jasmine2\\build\\jasmineAsyncInstall.js:100:37)\n    at C:\\Users\\Nahedabanu\\REACT\\testing-tsapp\\node_modules\\jest\\node_modules\\jest-jasmine2\\build\\queueRunner.js:45:12\n    at new Promise (<anonymous>)\n    at mapper (C:\\Users\\Nahedabanu\\REACT\\testing-tsapp\\node_modules\\jest\\node_modules\\jest-jasmine2\\build\\queueRunner.js:28:19)\n    at C:\\Users\\Nahedabanu\\REACT\\testing-tsapp\\node_modules\\jest\\node_modules\\jest-jasmine2\\build\\queueRunner.js:75:41\n    at processTicksAndRejections (internal/process/task_queues.js:97:5)"],"fullName":"should pop up alert on click of a button","location":null,"status":"failed","title":"should pop up alert on click of a button"}],"endTime":1588158739826,"message":"\u001b[1m\u001b[31m  \u001b[1m● \u001b[22m\u001b[1mshould pop up alert on click of a button\u001b[39m\u001b[22m\n\n    \u001b[2mexpect(\u001b[22m\u001b[31mjest.fn()\u001b[39m\u001b[2m).\u001b[22mtoHaveBeenCalled\u001b[2m()\u001b[22m\n\n    Expected number of calls: >= \u001b[32m1\u001b[39m\n    Received number of calls:    \u001b[31m0\u001b[39m\n\u001b[2m\u001b[22m\n\u001b[2m    \u001b[0m \u001b[90m 49 | \u001b[39m  \u001b[0m\u001b[22m\n\u001b[2m    \u001b[0m \u001b[90m 50 | \u001b[39m\u001b[0m\u001b[22m\n\u001b[2m    \u001b[0m\u001b[31m\u001b[1m>\u001b[22m\u001b[2m\u001b[39m\u001b[90m 51 | \u001b[39m\u001b[0m\u001b[22m\n\u001b[2m    \u001b[0m \u001b[90m    | \u001b[39m\u001b[31m\u001b[1m^\u001b[22m\u001b[2m\u001b[39m\u001b[0m\u001b[22m\n\u001b[2m    \u001b[0m \u001b[90m 52 | \u001b[39m  \u001b[0m\u001b[22m\n\u001b[2m    \u001b[0m \u001b[90m 53 | \u001b[39m   \u001b[0m\u001b[22m\n\u001b[2m\u001b[22m\n\u001b[2m      \u001b[2mat Object.<anonymous> (\u001b[22m\u001b[2m\u001b[0m\u001b[36msrc/components/__tests__/Button.spec.tsx\u001b[39m\u001b[0m\u001b[2m:51:26)\u001b[22m\u001b[2m\u001b[22m\n","name":"C:\\Users\\Nahedabanu\\REACT\\testing-tsapp\\src\\components\\__tests__\\Button.spec.tsx","startTime":1588158735888,"status":"failed","summary":""},{"assertionResults":[{"ancestorTitles":[],"failureMessages":[],"fullName":"renders the Date picker","location":null,"status":"passed","title":"renders the Date picker"},{"ancestorTitles":[],"failureMessages":["Error: \u001b[2mexpect(\u001b[22m\u001b[31mreceived\u001b[39m\u001b[2m).\u001b[22mtoEqual\u001b[2m(\u001b[22m\u001b[32mexpected\u001b[39m\u001b[2m) // deep equality\u001b[22m\n\nExpected: \u001b[32m[Function Date]\u001b[39m\nReceived: \u001b[31mundefined\u001b[39m\n    at Object.<anonymous> (C:\\Users\\Nahedabanu\\REACT\\testing-tsapp\\src\\components\\__tests__\\Datepicker.spec.tsx:47:39)\n    at Object.asyncJestTest (C:\\Users\\Nahedabanu\\REACT\\testing-tsapp\\node_modules\\jest\\node_modules\\jest-jasmine2\\build\\jasmineAsyncInstall.js:100:37)\n    at C:\\Users\\Nahedabanu\\REACT\\testing-tsapp\\node_modules\\jest\\node_modules\\jest-jasmine2\\build\\queueRunner.js:45:12\n    at new Promise (<anonymous>)\n    at mapper (C:\\Users\\Nahedabanu\\REACT\\testing-tsapp\\node_modules\\jest\\node_modules\\jest-jasmine2\\build\\queueRunner.js:28:19)\n    at C:\\Users\\Nahedabanu\\REACT\\testing-tsapp\\node_modules\\jest\\node_modules\\jest-jasmine2\\build\\queueRunner.js:75:41\n    at processTicksAndRejections (internal/process/task_queues.js:97:5)"],"fullName":"Testing  the Date picker selected value to be date  type","location":null,"status":"failed","title":"Testing  the Date picker selected value to be date  type"}],"endTime":1588158740285,"message":"\u001b[1m\u001b[31m  \u001b[1m● \u001b[22m\u001b[1mTesting  the Date picker selected value to be date  type\u001b[39m\u001b[22m\n\n    \u001b[2mexpect(\u001b[22m\u001b[31mreceived\u001b[39m\u001b[2m).\u001b[22mtoEqual\u001b[2m(\u001b[22m\u001b[32mexpected\u001b[39m\u001b[2m) // deep equality\u001b[22m\n\n    Expected: \u001b[32m[Function Date]\u001b[39m\n    Received: \u001b[31mundefined\u001b[39m\n\u001b[2m\u001b[22m\n\u001b[2m\u001b[22m\n\u001b[2m\u001b[22m\n\u001b[2m      \u001b[2mat Object.<anonymous> (\u001b[22m\u001b[2m\u001b[0m\u001b[36msrc/components/__tests__/Datepicker.spec.tsx\u001b[39m\u001b[0m\u001b[2m:47:39)\u001b[22m\u001b[2m\u001b[22m\n","name":"C:\\Users\\Nahedabanu\\REACT\\testing-tsapp\\src\\components\\__tests__\\Datepicker.spec.tsx","startTime":1588158735895,"status":"failed","summary":""},{"assertionResults":[{"ancestorTitles":["Hooks Rendering"],"failureMessages":[],"fullName":"Hooks Rendering  Hooks should render","location":null,"status":"passed","title":" Hooks should render"},{"ancestorTitles":[],"failureMessages":[],"fullName":"Initial value is 0","location":null,"status":"passed","title":"Initial value is 0"}],"endTime":1588158740861,"message":"","name":"C:\\Users\\Nahedabanu\\REACT\\testing-tsapp\\src\\components\\__tests__\\Hooks.spec.tsx","startTime":1588158739967,"status":"passed","summary":""},{"assertionResults":[{"ancestorTitles":["routes using memory router"],"failureMessages":[],"fullName":"routes using memory router should show Home component for / router (using memory router)","location":null,"status":"passed","title":"should show Home component for / router (using memory router)"}],"endTime":1588158741260,"message":"","name":"C:\\Users\\Nahedabanu\\REACT\\testing-tsapp\\src\\components\\__tests__\\Routing.spec.tsx","startTime":1588158740358,"status":"passed","summary":""}],"wasInterrupted":false,"coverageMap":{"C:\\Users\\Nahedabanu\\REACT\\testing-tsapp\\src\\components\\Button\\Button.tsx":{"path":"C:\\Users\\Nahedabanu\\REACT\\testing-tsapp\\src\\components\\Button\\Button.tsx","statementMap":{"0":{"start":{"line":2,"column":19},"end":{"line":8,"column":1}},"1":{"start":{"line":3,"column":4},"end":{"line":3,"column":42}},"2":{"start":{"line":3,"column":31},"end":{"line":3,"column":42}},"3":{"start":{"line":4,"column":17},"end":{"line":4,"column":19}},"4":{"start":{"line":5,"column":4},"end":{"line":5,"column":99}},"5":{"start":{"line":5,"column":21},"end":{"line":5,"column":99}},"6":{"start":{"line":5,"column":40},"end":{"line":5,"column":99}},"7":{"start":{"line":5,"column":80},"end":{"line":5,"column":99}},"8":{"start":{"line":6,"column":4},"end":{"line":6,"column":28}},"9":{"start":{"line":7,"column":4},"end":{"line":7,"column":18}},"10":{"start":{"line":9,"column":0},"end":{"line":9,"column":62}},"11":{"start":{"line":10,"column":12},"end":{"line":10,"column":42}},"12":{"start":{"line":11,"column":22},"end":{"line":11,"column":46}},"13":{"start":{"line":12,"column":22},"end":{"line":12,"column":46}},"14":{"start":{"line":13,"column":0},"end":{"line":42,"column":3}},"15":{"start":{"line":14,"column":15},"end":{"line":14,"column":25}},"16":{"start":{"line":14,"column":37},"end":{"line":14,"column":50}},"17":{"start":{"line":14,"column":70},"end":{"line":14,"column":91}},"18":{"start":{"line":14,"column":106},"end":{"line":14,"column":122}},"19":{"start":{"line":14,"column":132},"end":{"line":14,"column":143}},"20":{"start":{"line":14,"column":154},"end":{"line":14,"column":166}},"21":{"start":{"line":14,"column":175},"end":{"line":14,"column":185}},"22":{"start":{"line":14,"column":198},"end":{"line":14,"column":212}},"23":{"start":{"line":14,"column":223},"end":{"line":14,"column":235}},"24":{"start":{"line":15,"column":4},"end":{"line":41,"column":5}},"25":{"start":{"line":16,"column":8},"end":{"line":20,"column":34}},"26":{"start":{"line":22,"column":9},"end":{"line":41,"column":5}},"27":{"start":{"line":23,"column":8},"end":{"line":27,"column":34}},"28":{"start":{"line":29,"column":9},"end":{"line":41,"column":5}},"29":{"start":{"line":30,"column":8},"end":{"line":34,"column":34}},"30":{"start":{"line":37,"column":8},"end":{"line":40,"column":55}},"31":{"start":{"line":39,"column":20},"end":{"line":39,"column":71}}},"fnMap":{"0":{"name":"(anonymous_0)","decl":{"start":{"line":2,"column":50},"end":{"line":2,"column":51}},"loc":{"start":{"line":2,"column":65},"end":{"line":8,"column":1}},"line":2},"1":{"name":"(anonymous_1)","decl":{"start":{"line":13,"column":19},"end":{"line":13,"column":20}},"loc":{"start":{"line":13,"column":36},"end":{"line":42,"column":1}},"line":13},"2":{"name":"(anonymous_2)","decl":{"start":{"line":38,"column":150},"end":{"line":38,"column":151}},"loc":{"start":{"line":38,"column":162},"end":{"line":40,"column":17}},"line":38}},"branchMap":{"0":{"loc":{"start":{"line":2,"column":19},"end":{"line":8,"column":1}},"type":"binary-expr","locations":[{"start":{"line":2,"column":20},"end":{"line":2,"column":24}},{"start":{"line":2,"column":28},"end":{"line":2,"column":45}},{"start":{"line":2,"column":50},"end":{"line":8,"column":1}}],"line":2},"1":{"loc":{"start":{"line":3,"column":4},"end":{"line":3,"column":42}},"type":"if","locations":[{"start":{"line":3,"column":4},"end":{"line":3,"column":42}},{"start":{"line":3,"column":4},"end":{"line":3,"column":42}}],"line":3},"2":{"loc":{"start":{"line":3,"column":8},"end":{"line":3,"column":29}},"type":"binary-expr","locations":[{"start":{"line":3,"column":8},"end":{"line":3,"column":11}},{"start":{"line":3,"column":15},"end":{"line":3,"column":29}}],"line":3},"3":{"loc":{"start":{"line":5,"column":4},"end":{"line":5,"column":99}},"type":"if","locations":[{"start":{"line":5,"column":4},"end":{"line":5,"column":99}},{"start":{"line":5,"column":4},"end":{"line":5,"column":99}}],"line":5},"4":{"loc":{"start":{"line":5,"column":40},"end":{"line":5,"column":99}},"type":"if","locations":[{"start":{"line":5,"column":40},"end":{"line":5,"column":99}},{"start":{"line":5,"column":40},"end":{"line":5,"column":99}}],"line":5},"5":{"loc":{"start":{"line":15,"column":4},"end":{"line":41,"column":5}},"type":"if","locations":[{"start":{"line":15,"column":4},"end":{"line":41,"column":5}},{"start":{"line":15,"column":4},"end":{"line":41,"column":5}}],"line":15},"6":{"loc":{"start":{"line":22,"column":9},"end":{"line":41,"column":5}},"type":"if","locations":[{"start":{"line":22,"column":9},"end":{"line":41,"column":5}},{"start":{"line":22,"column":9},"end":{"line":41,"column":5}}],"line":22},"7":{"loc":{"start":{"line":29,"column":9},"end":{"line":41,"column":5}},"type":"if","locations":[{"start":{"line":29,"column":9},"end":{"line":41,"column":5}},{"start":{"line":29,"column":9},"end":{"line":41,"column":5}}],"line":29},"8":{"loc":{"start":{"line":39,"column":27},"end":{"line":39,"column":70}},"type":"binary-expr","locations":[{"start":{"line":39,"column":27},"end":{"line":39,"column":47}},{"start":{"line":39,"column":52},"end":{"line":39,"column":69}}],"line":39}},"s":{"0":1,"1":1,"2":0,"3":1,"4":1,"5":1,"6":28,"7":28,"8":1,"9":1,"10":1,"11":1,"12":1,"13":1,"14":1,"15":3,"16":3,"17":3,"18":3,"19":3,"20":3,"21":3,"22":3,"23":3,"24":3,"25":0,"26":3,"27":0,"28":3,"29":0,"30":3,"31":0},"f":{"0":1,"1":3,"2":0},"b":{"0":[1,1,1],"1":[0,1],"2":[1,1],"3":[1,0],"4":[28,0],"5":[0,3],"6":[0,3],"7":[0,3],"8":[0,0]},"inputSourceMap":null,"_coverageSchema":"1a1c01bbd47fc00a2c39e90264f33305004495a9","hash":"bcc6147984917ef281c3635166c93bad948395dc"},"C:\\Users\\Nahedabanu\\REACT\\testing-tsapp\\src\\components\\Date\\Datepicker.tsx":{"path":"C:\\Users\\Nahedabanu\\REACT\\testing-tsapp\\src\\components\\Date\\Datepicker.tsx","statementMap":{"0":{"start":{"line":2,"column":22},"end":{"line":4,"column":1}},"1":{"start":{"line":3,"column":4},"end":{"line":3,"column":62}},"2":{"start":{"line":5,"column":0},"end":{"line":5,"column":62}},"3":{"start":{"line":6,"column":14},"end":{"line":6,"column":47}},"4":{"start":{"line":7,"column":25},"end":{"line":7,"column":69}},"5":{"start":{"line":8,"column":0},"end":{"line":26,"column":3}},"6":{"start":{"line":9,"column":21},"end":{"line":9,"column":37}},"7":{"start":{"line":9,"column":51},"end":{"line":9,"column":66}},"8":{"start":{"line":9,"column":82},"end":{"line":9,"column":99}},"9":{"start":{"line":9,"column":112},"end":{"line":9,"column":126}},"10":{"start":{"line":9,"column":141},"end":{"line":9,"column":157}},"11":{"start":{"line":9,"column":172},"end":{"line":9,"column":188}},"12":{"start":{"line":9,"column":206},"end":{"line":9,"column":225}},"13":{"start":{"line":9,"column":237},"end":{"line":9,"column":250}},"14":{"start":{"line":10,"column":4},"end":{"line":25,"column":175}},"15":{"start":{"line":11,"column":8},"end":{"line":13,"column":117}},"16":{"start":{"line":14,"column":9},"end":{"line":25,"column":175}},"17":{"start":{"line":15,"column":8},"end":{"line":17,"column":243}},"18":{"start":{"line":19,"column":8},"end":{"line":25,"column":175}}},"fnMap":{"0":{"name":"(anonymous_0)","decl":{"start":{"line":2,"column":56},"end":{"line":2,"column":57}},"loc":{"start":{"line":2,"column":71},"end":{"line":4,"column":1}},"line":2},"1":{"name":"(anonymous_1)","decl":{"start":{"line":8,"column":19},"end":{"line":8,"column":20}},"loc":{"start":{"line":8,"column":36},"end":{"line":26,"column":1}},"line":8}},"branchMap":{"0":{"loc":{"start":{"line":2,"column":22},"end":{"line":4,"column":1}},"type":"binary-expr","locations":[{"start":{"line":2,"column":23},"end":{"line":2,"column":27}},{"start":{"line":2,"column":31},"end":{"line":2,"column":51}},{"start":{"line":2,"column":56},"end":{"line":4,"column":1}}],"line":2},"1":{"loc":{"start":{"line":3,"column":11},"end":{"line":3,"column":61}},"type":"cond-expr","locations":[{"start":{"line":3,"column":37},"end":{"line":3,"column":40}},{"start":{"line":3,"column":43},"end":{"line":3,"column":61}}],"line":3},"2":{"loc":{"start":{"line":3,"column":12},"end":{"line":3,"column":33}},"type":"binary-expr","locations":[{"start":{"line":3,"column":12},"end":{"line":3,"column":15}},{"start":{"line":3,"column":19},"end":{"line":3,"column":33}}],"line":3},"3":{"loc":{"start":{"line":10,"column":4},"end":{"line":25,"column":175}},"type":"if","locations":[{"start":{"line":10,"column":4},"end":{"line":25,"column":175}},{"start":{"line":10,"column":4},"end":{"line":25,"column":175}}],"line":10},"4":{"loc":{"start":{"line":14,"column":9},"end":{"line":25,"column":175}},"type":"if","locations":[{"start":{"line":14,"column":9},"end":{"line":25,"column":175}},{"start":{"line":14,"column":9},"end":{"line":25,"column":175}}],"line":14}},"s":{"0":1,"1":2,"2":1,"3":1,"4":1,"5":1,"6":2,"7":2,"8":2,"9":2,"10":2,"11":2,"12":2,"13":2,"14":2,"15":0,"16":2,"17":0,"18":2},"f":{"0":2,"1":2},"b":{"0":[1,1,1],"1":[1,1],"2":[2,2],"3":[0,2],"4":[0,2]},"inputSourceMap":null,"_coverageSchema":"1a1c01bbd47fc00a2c39e90264f33305004495a9","hash":"fadea29fe4eeb3b519f7af52452f1971d47b9815"},"C:\\Users\\Nahedabanu\\REACT\\testing-tsapp\\src\\components\\Hooks\\Hooks.tsx":{"path":"C:\\Users\\Nahedabanu\\REACT\\testing-tsapp\\src\\components\\Hooks\\Hooks.tsx","statementMap":{"0":{"start":{"line":2,"column":19},"end":{"line":8,"column":1}},"1":{"start":{"line":3,"column":4},"end":{"line":3,"column":42}},"2":{"start":{"line":3,"column":31},"end":{"line":3,"column":42}},"3":{"start":{"line":4,"column":17},"end":{"line":4,"column":19}},"4":{"start":{"line":5,"column":4},"end":{"line":5,"column":99}},"5":{"start":{"line":5,"column":21},"end":{"line":5,"column":99}},"6":{"start":{"line":5,"column":40},"end":{"line":5,"column":99}},"7":{"start":{"line":5,"column":80},"end":{"line":5,"column":99}},"8":{"start":{"line":6,"column":4},"end":{"line":6,"column":28}},"9":{"start":{"line":7,"column":4},"end":{"line":7,"column":18}},"10":{"start":{"line":9,"column":0},"end":{"line":9,"column":62}},"11":{"start":{"line":10,"column":12},"end":{"line":10,"column":42}},"12":{"start":{"line":11,"column":0},"end":{"line":17,"column":2}},"13":{"start":{"line":12,"column":13},"end":{"line":12,"column":30}},"14":{"start":{"line":12,"column":40},"end":{"line":12,"column":45}},"15":{"start":{"line":12,"column":58},"end":{"line":12,"column":63}},"16":{"start":{"line":13,"column":4},"end":{"line":16,"column":21}},"17":{"start":{"line":13,"column":64},"end":{"line":13,"column":91}}},"fnMap":{"0":{"name":"(anonymous_0)","decl":{"start":{"line":2,"column":50},"end":{"line":2,"column":51}},"loc":{"start":{"line":2,"column":65},"end":{"line":8,"column":1}},"line":2},"1":{"name":"(anonymous_1)","decl":{"start":{"line":11,"column":22},"end":{"line":11,"column":23}},"loc":{"start":{"line":11,"column":34},"end":{"line":17,"column":1}},"line":11},"2":{"name":"(anonymous_2)","decl":{"start":{"line":13,"column":50},"end":{"line":13,"column":51}},"loc":{"start":{"line":13,"column":62},"end":{"line":13,"column":93}},"line":13}},"branchMap":{"0":{"loc":{"start":{"line":2,"column":19},"end":{"line":8,"column":1}},"type":"binary-expr","locations":[{"start":{"line":2,"column":20},"end":{"line":2,"column":24}},{"start":{"line":2,"column":28},"end":{"line":2,"column":45}},{"start":{"line":2,"column":50},"end":{"line":8,"column":1}}],"line":2},"1":{"loc":{"start":{"line":3,"column":4},"end":{"line":3,"column":42}},"type":"if","locations":[{"start":{"line":3,"column":4},"end":{"line":3,"column":42}},{"start":{"line":3,"column":4},"end":{"line":3,"column":42}}],"line":3},"2":{"loc":{"start":{"line":3,"column":8},"end":{"line":3,"column":29}},"type":"binary-expr","locations":[{"start":{"line":3,"column":8},"end":{"line":3,"column":11}},{"start":{"line":3,"column":15},"end":{"line":3,"column":29}}],"line":3},"3":{"loc":{"start":{"line":5,"column":4},"end":{"line":5,"column":99}},"type":"if","locations":[{"start":{"line":5,"column":4},"end":{"line":5,"column":99}},{"start":{"line":5,"column":4},"end":{"line":5,"column":99}}],"line":5},"4":{"loc":{"start":{"line":5,"column":40},"end":{"line":5,"column":99}},"type":"if","locations":[{"start":{"line":5,"column":40},"end":{"line":5,"column":99}},{"start":{"line":5,"column":40},"end":{"line":5,"column":99}}],"line":5}},"s":{"0":1,"1":1,"2":0,"3":1,"4":1,"5":1,"6":28,"7":28,"8":1,"9":1,"10":1,"11":1,"12":1,"13":2,"14":2,"15":2,"16":2,"17":0},"f":{"0":1,"1":2,"2":0},"b":{"0":[1,1,1],"1":[0,1],"2":[1,1],"3":[1,0],"4":[28,0]},"inputSourceMap":null,"_coverageSchema":"1a1c01bbd47fc00a2c39e90264f33305004495a9","hash":"3a8617444e11430df106a163c40a2b2235e18202"},"C:\\Users\\Nahedabanu\\REACT\\testing-tsapp\\src\\components\\Routing\\Home.tsx":{"path":"C:\\Users\\Nahedabanu\\REACT\\testing-tsapp\\src\\components\\Routing\\Home.tsx","statementMap":{"0":{"start":{"line":2,"column":22},"end":{"line":4,"column":1}},"1":{"start":{"line":3,"column":4},"end":{"line":3,"column":62}},"2":{"start":{"line":5,"column":0},"end":{"line":5,"column":62}},"3":{"start":{"line":6,"column":14},"end":{"line":6,"column":47}},"4":{"start":{"line":7,"column":0},"end":{"line":10,"column":2}},"5":{"start":{"line":8,"column":4},"end":{"line":9,"column":65}}},"fnMap":{"0":{"name":"(anonymous_0)","decl":{"start":{"line":2,"column":56},"end":{"line":2,"column":57}},"loc":{"start":{"line":2,"column":71},"end":{"line":4,"column":1}},"line":2},"1":{"name":"(anonymous_1)","decl":{"start":{"line":7,"column":15},"end":{"line":7,"column":16}},"loc":{"start":{"line":7,"column":29},"end":{"line":10,"column":1}},"line":7}},"branchMap":{"0":{"loc":{"start":{"line":2,"column":22},"end":{"line":4,"column":1}},"type":"binary-expr","locations":[{"start":{"line":2,"column":23},"end":{"line":2,"column":27}},{"start":{"line":2,"column":31},"end":{"line":2,"column":51}},{"start":{"line":2,"column":56},"end":{"line":4,"column":1}}],"line":2},"1":{"loc":{"start":{"line":3,"column":11},"end":{"line":3,"column":61}},"type":"cond-expr","locations":[{"start":{"line":3,"column":37},"end":{"line":3,"column":40}},{"start":{"line":3,"column":43},"end":{"line":3,"column":61}}],"line":3},"2":{"loc":{"start":{"line":3,"column":12},"end":{"line":3,"column":33}},"type":"binary-expr","locations":[{"start":{"line":3,"column":12},"end":{"line":3,"column":15}},{"start":{"line":3,"column":19},"end":{"line":3,"column":33}}],"line":3}},"s":{"0":1,"1":1,"2":1,"3":1,"4":1,"5":1},"f":{"0":1,"1":1},"b":{"0":[1,1,1],"1":[0,1],"2":[1,1]},"inputSourceMap":null,"_coverageSchema":"1a1c01bbd47fc00a2c39e90264f33305004495a9","hash":"ad3ba9d8c7f284f0ebda98a949d55b63581eadfd"},"C:\\Users\\Nahedabanu\\REACT\\testing-tsapp\\src\\components\\Routing\\App.tsx":{"path":"C:\\Users\\Nahedabanu\\REACT\\testing-tsapp\\src\\components\\Routing\\App.tsx","statementMap":{"0":{"start":{"line":2,"column":22},"end":{"line":4,"column":1}},"1":{"start":{"line":3,"column":4},"end":{"line":3,"column":62}},"2":{"start":{"line":5,"column":0},"end":{"line":5,"column":62}},"3":{"start":{"line":6,"column":14},"end":{"line":6,"column":47}},"4":{"start":{"line":7,"column":25},"end":{"line":7,"column":52}},"5":{"start":{"line":8,"column":13},"end":{"line":8,"column":30}},"6":{"start":{"line":9,"column":14},"end":{"line":9,"column":32}},"7":{"start":{"line":10,"column":0},"end":{"line":19,"column":2}},"8":{"start":{"line":11,"column":4},"end":{"line":18,"column":117}}},"fnMap":{"0":{"name":"(anonymous_0)","decl":{"start":{"line":2,"column":56},"end":{"line":2,"column":57}},"loc":{"start":{"line":2,"column":71},"end":{"line":4,"column":1}},"line":2},"1":{"name":"(anonymous_1)","decl":{"start":{"line":10,"column":18},"end":{"line":10,"column":19}},"loc":{"start":{"line":10,"column":30},"end":{"line":19,"column":1}},"line":10}},"branchMap":{"0":{"loc":{"start":{"line":2,"column":22},"end":{"line":4,"column":1}},"type":"binary-expr","locations":[{"start":{"line":2,"column":23},"end":{"line":2,"column":27}},{"start":{"line":2,"column":31},"end":{"line":2,"column":51}},{"start":{"line":2,"column":56},"end":{"line":4,"column":1}}],"line":2},"1":{"loc":{"start":{"line":3,"column":11},"end":{"line":3,"column":61}},"type":"cond-expr","locations":[{"start":{"line":3,"column":37},"end":{"line":3,"column":40}},{"start":{"line":3,"column":43},"end":{"line":3,"column":61}}],"line":3},"2":{"loc":{"start":{"line":3,"column":12},"end":{"line":3,"column":33}},"type":"binary-expr","locations":[{"start":{"line":3,"column":12},"end":{"line":3,"column":15}},{"start":{"line":3,"column":19},"end":{"line":3,"column":33}}],"line":3}},"s":{"0":1,"1":1,"2":1,"3":1,"4":1,"5":1,"6":1,"7":1,"8":1},"f":{"0":1,"1":1},"b":{"0":[1,1,1],"1":[0,1],"2":[1,1]},"inputSourceMap":null,"_coverageSchema":"1a1c01bbd47fc00a2c39e90264f33305004495a9","hash":"b15355959dc1b0507dde15737a61ea121f7450f4"},"C:\\Users\\Nahedabanu\\REACT\\testing-tsapp\\src\\components\\Routing\\About.tsx":{"path":"C:\\Users\\Nahedabanu\\REACT\\testing-tsapp\\src\\components\\Routing\\About.tsx","statementMap":{"0":{"start":{"line":2,"column":22},"end":{"line":4,"column":1}},"1":{"start":{"line":3,"column":4},"end":{"line":3,"column":62}},"2":{"start":{"line":5,"column":0},"end":{"line":5,"column":62}},"3":{"start":{"line":6,"column":14},"end":{"line":6,"column":47}},"4":{"start":{"line":7,"column":0},"end":{"line":10,"column":2}},"5":{"start":{"line":8,"column":4},"end":{"line":9,"column":66}}},"fnMap":{"0":{"name":"(anonymous_0)","decl":{"start":{"line":2,"column":56},"end":{"line":2,"column":57}},"loc":{"start":{"line":2,"column":71},"end":{"line":4,"column":1}},"line":2},"1":{"name":"(anonymous_1)","decl":{"start":{"line":7,"column":16},"end":{"line":7,"column":17}},"loc":{"start":{"line":7,"column":28},"end":{"line":10,"column":1}},"line":7}},"branchMap":{"0":{"loc":{"start":{"line":2,"column":22},"end":{"line":4,"column":1}},"type":"binary-expr","locations":[{"start":{"line":2,"column":23},"end":{"line":2,"column":27}},{"start":{"line":2,"column":31},"end":{"line":2,"column":51}},{"start":{"line":2,"column":56},"end":{"line":4,"column":1}}],"line":2},"1":{"loc":{"start":{"line":3,"column":11},"end":{"line":3,"column":61}},"type":"cond-expr","locations":[{"start":{"line":3,"column":37},"end":{"line":3,"column":40}},{"start":{"line":3,"column":43},"end":{"line":3,"column":61}}],"line":3},"2":{"loc":{"start":{"line":3,"column":12},"end":{"line":3,"column":33}},"type":"binary-expr","locations":[{"start":{"line":3,"column":12},"end":{"line":3,"column":15}},{"start":{"line":3,"column":19},"end":{"line":3,"column":33}}],"line":3}},"s":{"0":1,"1":1,"2":1,"3":1,"4":1,"5":0},"f":{"0":1,"1":0},"b":{"0":[1,1,1],"1":[0,1],"2":[1,1]},"inputSourceMap":null,"_coverageSchema":"1a1c01bbd47fc00a2c39e90264f33305004495a9","hash":"5d2f5645c39661c76db2719f616b8518855fec28"}}}